[2020-12-12 17:08:00,274] SEVERE {b7a.log.crash} - class java.util.ArrayList cannot be cast to class java.util.Map (java.util.ArrayList and java.util.Map are in module java.base of loader 'bootstrap') 
java.lang.ClassCastException: class java.util.ArrayList cannot be cast to class java.util.Map (java.util.ArrayList and java.util.Map are in module java.base of loader 'bootstrap')
	at io.ballerina.projects.internal.BallerinaTomlProcessor.getPlatforms(BallerinaTomlProcessor.java:127)
	at io.ballerina.projects.internal.BallerinaTomlProcessor.parseAsPackageManifest(BallerinaTomlProcessor.java:112)
	at io.ballerina.projects.internal.ProjectFiles.createPackageManifest(ProjectFiles.java:151)
	at io.ballerina.projects.internal.PackageConfigCreator.createBuildProjectConfig(PackageConfigCreator.java:58)
	at io.ballerina.projects.directory.BuildProject.load(BuildProject.java:72)
	at io.ballerina.cli.cmd.TestCommand.execute(TestCommand.java:176)
	at java.base/java.util.Optional.ifPresent(Optional.java:183)
	at org.ballerinalang.tool.Main.main(Main.java:57)
 
[2020-12-12 17:08:42,234] SEVERE {b7a.log.crash} - class java.util.ArrayList cannot be cast to class java.util.Map (java.util.ArrayList and java.util.Map are in module java.base of loader 'bootstrap') 
java.lang.ClassCastException: class java.util.ArrayList cannot be cast to class java.util.Map (java.util.ArrayList and java.util.Map are in module java.base of loader 'bootstrap')
	at io.ballerina.projects.internal.BallerinaTomlProcessor.getPlatforms(BallerinaTomlProcessor.java:127)
	at io.ballerina.projects.internal.BallerinaTomlProcessor.parseAsPackageManifest(BallerinaTomlProcessor.java:112)
	at io.ballerina.projects.internal.ProjectFiles.createPackageManifest(ProjectFiles.java:151)
	at io.ballerina.projects.internal.PackageConfigCreator.createBuildProjectConfig(PackageConfigCreator.java:58)
	at io.ballerina.projects.directory.BuildProject.load(BuildProject.java:72)
	at io.ballerina.cli.cmd.BuildCommand.execute(BuildCommand.java:211)
	at java.base/java.util.Optional.ifPresent(Optional.java:183)
	at org.ballerinalang.tool.Main.main(Main.java:57)
 
[2020-12-12 17:15:50,439] SEVERE {b7a.log.crash} - class java.util.ArrayList cannot be cast to class java.util.Map (java.util.ArrayList and java.util.Map are in module java.base of loader 'bootstrap') 
java.lang.ClassCastException: class java.util.ArrayList cannot be cast to class java.util.Map (java.util.ArrayList and java.util.Map are in module java.base of loader 'bootstrap')
	at io.ballerina.projects.internal.BallerinaTomlProcessor.getPlatforms(BallerinaTomlProcessor.java:127)
	at io.ballerina.projects.internal.BallerinaTomlProcessor.parseAsPackageManifest(BallerinaTomlProcessor.java:112)
	at io.ballerina.projects.internal.ProjectFiles.createPackageManifest(ProjectFiles.java:151)
	at io.ballerina.projects.internal.PackageConfigCreator.createBuildProjectConfig(PackageConfigCreator.java:58)
	at io.ballerina.projects.directory.BuildProject.load(BuildProject.java:72)
	at io.ballerina.cli.cmd.TestCommand.execute(TestCommand.java:176)
	at java.base/java.util.Optional.ifPresent(Optional.java:183)
	at org.ballerinalang.tool.Main.main(Main.java:57)
 
[2020-12-12 17:16:07,454] SEVERE {b7a.log.crash} - class java.util.ArrayList cannot be cast to class java.util.Map (java.util.ArrayList and java.util.Map are in module java.base of loader 'bootstrap') 
java.lang.ClassCastException: class java.util.ArrayList cannot be cast to class java.util.Map (java.util.ArrayList and java.util.Map are in module java.base of loader 'bootstrap')
	at io.ballerina.projects.internal.BallerinaTomlProcessor.getPlatforms(BallerinaTomlProcessor.java:127)
	at io.ballerina.projects.internal.BallerinaTomlProcessor.parseAsPackageManifest(BallerinaTomlProcessor.java:112)
	at io.ballerina.projects.internal.ProjectFiles.createPackageManifest(ProjectFiles.java:151)
	at io.ballerina.projects.internal.PackageConfigCreator.createBuildProjectConfig(PackageConfigCreator.java:58)
	at io.ballerina.projects.directory.BuildProject.load(BuildProject.java:72)
	at io.ballerina.cli.cmd.TestCommand.execute(TestCommand.java:176)
	at java.base/java.util.Optional.ifPresent(Optional.java:183)
	at org.ballerinalang.tool.Main.main(Main.java:57)
 
[2020-12-12 17:17:00,401] SEVERE {b7a.log.crash} - class java.util.ArrayList cannot be cast to class java.util.Map (java.util.ArrayList and java.util.Map are in module java.base of loader 'bootstrap') 
java.lang.ClassCastException: class java.util.ArrayList cannot be cast to class java.util.Map (java.util.ArrayList and java.util.Map are in module java.base of loader 'bootstrap')
	at io.ballerina.projects.internal.BallerinaTomlProcessor.getPlatforms(BallerinaTomlProcessor.java:127)
	at io.ballerina.projects.internal.BallerinaTomlProcessor.parseAsPackageManifest(BallerinaTomlProcessor.java:112)
	at io.ballerina.projects.internal.ProjectFiles.createPackageManifest(ProjectFiles.java:151)
	at io.ballerina.projects.internal.PackageConfigCreator.createBuildProjectConfig(PackageConfigCreator.java:58)
	at io.ballerina.projects.directory.BuildProject.load(BuildProject.java:72)
	at io.ballerina.cli.cmd.TestCommand.execute(TestCommand.java:176)
	at java.base/java.util.Optional.ifPresent(Optional.java:183)
	at org.ballerinalang.tool.Main.main(Main.java:57)
 
